{"/home/kseorang/Github/software-engineering-2025/backend/config/constants.js": {"path":"/home/kseorang/Github/software-engineering-2025/backend/config/constants.js","statementMap":{"0":{"start":{"line":1,"column":13},"end":{"line":1,"column":28}},"1":{"start":{"line":3,"column":15},"end":{"line":16,"column":1}},"2":{"start":{"line":18,"column":0},"end":{"line":18,"column":24}}},"fnMap":{},"branchMap":{},"s":{"0":2,"1":2,"2":2},"f":{},"b":{},"_coverageSchema":"1a1c01bbd47fc00a2c39e90264f33305004495a9","hash":"a26ca70446408afcc35a82b10e36aadcb6052fc3"}
,"/home/kseorang/Github/software-engineering-2025/backend/services/analysisService.js": {"path":"/home/kseorang/Github/software-engineering-2025/backend/services/analysisService.js","statementMap":{"0":{"start":{"line":1,"column":12},"end":{"line":1,"column":29}},"1":{"start":{"line":2,"column":15},"end":{"line":2,"column":45}},"2":{"start":{"line":6,"column":14},"end":{"line":6,"column":38}},"3":{"start":{"line":7,"column":18},"end":{"line":7,"column":44}},"4":{"start":{"line":8,"column":16},"end":{"line":8,"column":38}},"5":{"start":{"line":9,"column":4},"end":{"line":14,"column":5}},"6":{"start":{"line":9,"column":17},"end":{"line":9,"column":18}},"7":{"start":{"line":10,"column":8},"end":{"line":13,"column":32}},"8":{"start":{"line":11,"column":31},"end":{"line":11,"column":93}},"9":{"start":{"line":12,"column":12},"end":{"line":12,"column":47}},"10":{"start":{"line":13,"column":17},"end":{"line":13,"column":30}},"11":{"start":{"line":15,"column":4},"end":{"line":15,"column":32}},"12":{"start":{"line":15,"column":33},"end":{"line":15,"column":57}},"13":{"start":{"line":16,"column":21},"end":{"line":16,"column":23}},"14":{"start":{"line":17,"column":4},"end":{"line":20,"column":5}},"15":{"start":{"line":17,"column":17},"end":{"line":17,"column":18}},"16":{"start":{"line":18,"column":26},"end":{"line":18,"column":74}},"17":{"start":{"line":19,"column":8},"end":{"line":19,"column":135}},"18":{"start":{"line":21,"column":4},"end":{"line":21,"column":20}},"19":{"start":{"line":26,"column":17},"end":{"line":26,"column":25}},"20":{"start":{"line":27,"column":18},"end":{"line":27,"column":20}},"21":{"start":{"line":30,"column":4},"end":{"line":31,"column":147}},"22":{"start":{"line":30,"column":55},"end":{"line":30,"column":75}},"23":{"start":{"line":30,"column":76},"end":{"line":30,"column":101}},"24":{"start":{"line":31,"column":9},"end":{"line":31,"column":147}},"25":{"start":{"line":31,"column":59},"end":{"line":31,"column":115}},"26":{"start":{"line":31,"column":116},"end":{"line":31,"column":145}},"27":{"start":{"line":34,"column":4},"end":{"line":35,"column":158}},"28":{"start":{"line":34,"column":65},"end":{"line":34,"column":85}},"29":{"start":{"line":34,"column":86},"end":{"line":34,"column":120}},"30":{"start":{"line":35,"column":9},"end":{"line":35,"column":158}},"31":{"start":{"line":35,"column":69},"end":{"line":35,"column":125}},"32":{"start":{"line":35,"column":126},"end":{"line":35,"column":156}},"33":{"start":{"line":37,"column":4},"end":{"line":37,"column":63}},"34":{"start":{"line":37,"column":30},"end":{"line":37,"column":63}},"35":{"start":{"line":38,"column":4},"end":{"line":38,"column":51}},"36":{"start":{"line":41,"column":0},"end":{"line":41,"column":48}}},"fnMap":{"0":{"name":"performFFT","decl":{"start":{"line":5,"column":9},"end":{"line":5,"column":19}},"loc":{"start":{"line":5,"column":29},"end":{"line":22,"column":1}},"line":5},"1":{"name":"diagnoseHealth","decl":{"start":{"line":25,"column":9},"end":{"line":25,"column":23}},"loc":{"start":{"line":25,"column":31},"end":{"line":39,"column":1}},"line":25}},"branchMap":{"0":{"loc":{"start":{"line":10,"column":8},"end":{"line":13,"column":32}},"type":"if","locations":[{"start":{"line":10,"column":8},"end":{"line":13,"column":32}},{"start":{"line":13,"column":15},"end":{"line":13,"column":32}}],"line":10},"1":{"loc":{"start":{"line":30,"column":4},"end":{"line":31,"column":147}},"type":"if","locations":[{"start":{"line":30,"column":4},"end":{"line":31,"column":147}},{"start":{"line":31,"column":9},"end":{"line":31,"column":147}}],"line":30},"2":{"loc":{"start":{"line":31,"column":9},"end":{"line":31,"column":147}},"type":"if","locations":[{"start":{"line":31,"column":9},"end":{"line":31,"column":147}},{"start":{},"end":{}}],"line":31},"3":{"loc":{"start":{"line":31,"column":68},"end":{"line":31,"column":114}},"type":"cond-expr","locations":[{"start":{"line":31,"column":92},"end":{"line":31,"column":102}},{"start":{"line":31,"column":105},"end":{"line":31,"column":114}}],"line":31},"4":{"loc":{"start":{"line":34,"column":4},"end":{"line":35,"column":158}},"type":"if","locations":[{"start":{"line":34,"column":4},"end":{"line":35,"column":158}},{"start":{"line":35,"column":9},"end":{"line":35,"column":158}}],"line":34},"5":{"loc":{"start":{"line":35,"column":9},"end":{"line":35,"column":158}},"type":"if","locations":[{"start":{"line":35,"column":9},"end":{"line":35,"column":158}},{"start":{},"end":{}}],"line":35},"6":{"loc":{"start":{"line":35,"column":78},"end":{"line":35,"column":124}},"type":"cond-expr","locations":[{"start":{"line":35,"column":102},"end":{"line":35,"column":112}},{"start":{"line":35,"column":115},"end":{"line":35,"column":124}}],"line":35},"7":{"loc":{"start":{"line":37,"column":4},"end":{"line":37,"column":63}},"type":"if","locations":[{"start":{"line":37,"column":4},"end":{"line":37,"column":63}},{"start":{},"end":{}}],"line":37}},"s":{"0":1,"1":1,"2":1,"3":1,"4":1,"5":1,"6":1,"7":1024,"8":1024,"9":1024,"10":0,"11":1,"12":1,"13":1,"14":1,"15":1,"16":512,"17":512,"18":1,"19":5,"20":5,"21":5,"22":1,"23":1,"24":4,"25":2,"26":2,"27":5,"28":1,"29":1,"30":4,"31":0,"32":0,"33":5,"34":2,"35":5,"36":1},"f":{"0":1,"1":5},"b":{"0":[1024,0],"1":[1,4],"2":[2,2],"3":[0,2],"4":[1,4],"5":[0,4],"6":[0,0],"7":[2,3]},"_coverageSchema":"1a1c01bbd47fc00a2c39e90264f33305004495a9","hash":"1e98c1764c4e9c9726d6d920b4503688b62f4fd5"}
,"/home/kseorang/Github/software-engineering-2025/backend/services/emailService.js": {"path":"/home/kseorang/Github/software-engineering-2025/backend/services/emailService.js","statementMap":{"0":{"start":{"line":1,"column":19},"end":{"line":1,"column":40}},"1":{"start":{"line":2,"column":15},"end":{"line":2,"column":45}},"2":{"start":{"line":3,"column":0},"end":{"line":3,"column":27}},"3":{"start":{"line":6,"column":18},"end":{"line":6,"column":20}},"4":{"start":{"line":7,"column":20},"end":{"line":7,"column":22}},"5":{"start":{"line":9,"column":20},"end":{"line":15,"column":2}},"6":{"start":{"line":18,"column":4},"end":{"line":18,"column":24}},"7":{"start":{"line":22,"column":4},"end":{"line":22,"column":23}},"8":{"start":{"line":28,"column":4},"end":{"line":30,"column":5}},"9":{"start":{"line":29,"column":8},"end":{"line":29,"column":68}},"10":{"start":{"line":31,"column":18},"end":{"line":31,"column":45}},"11":{"start":{"line":33,"column":4},"end":{"line":66,"column":5}},"12":{"start":{"line":34,"column":8},"end":{"line":34,"column":22}},"13":{"start":{"line":37,"column":8},"end":{"line":61,"column":9}},"14":{"start":{"line":38,"column":12},"end":{"line":38,"column":85}},"15":{"start":{"line":40,"column":32},"end":{"line":53,"column":13}},"16":{"start":{"line":55,"column":12},"end":{"line":58,"column":15}},"17":{"start":{"line":56,"column":16},"end":{"line":57,"column":61}},"18":{"start":{"line":56,"column":27},"end":{"line":56,"column":59}},"19":{"start":{"line":57,"column":21},"end":{"line":57,"column":61}},"20":{"start":{"line":60,"column":12},"end":{"line":60,"column":34}},"21":{"start":{"line":64,"column":8},"end":{"line":64,"column":24}},"22":{"start":{"line":65,"column":8},"end":{"line":65,"column":31}},"23":{"start":{"line":69,"column":0},"end":{"line":69,"column":71}}},"fnMap":{"0":{"name":"setTargetEmail","decl":{"start":{"line":17,"column":9},"end":{"line":17,"column":23}},"loc":{"start":{"line":17,"column":31},"end":{"line":19,"column":1}},"line":17},"1":{"name":"getTargetEmail","decl":{"start":{"line":21,"column":9},"end":{"line":21,"column":23}},"loc":{"start":{"line":21,"column":26},"end":{"line":23,"column":1}},"line":21},"2":{"name":"processAlertLogic","decl":{"start":{"line":26,"column":9},"end":{"line":26,"column":26}},"loc":{"start":{"line":26,"column":46},"end":{"line":67,"column":1}},"line":26},"3":{"name":"(anonymous_3)","decl":{"start":{"line":55,"column":46},"end":{"line":55,"column":47}},"loc":{"start":{"line":55,"column":63},"end":{"line":58,"column":13}},"line":55}},"branchMap":{"0":{"loc":{"start":{"line":28,"column":4},"end":{"line":30,"column":5}},"type":"if","locations":[{"start":{"line":28,"column":4},"end":{"line":30,"column":5}},{"start":{},"end":{}}],"line":28},"1":{"loc":{"start":{"line":33,"column":4},"end":{"line":66,"column":5}},"type":"if","locations":[{"start":{"line":33,"column":4},"end":{"line":66,"column":5}},{"start":{"line":62,"column":11},"end":{"line":66,"column":5}}],"line":33},"2":{"loc":{"start":{"line":37,"column":8},"end":{"line":61,"column":9}},"type":"if","locations":[{"start":{"line":37,"column":8},"end":{"line":61,"column":9}},{"start":{},"end":{}}],"line":37},"3":{"loc":{"start":{"line":37,"column":12},"end":{"line":37,"column":63}},"type":"binary-expr","locations":[{"start":{"line":37,"column":12},"end":{"line":37,"column":29}},{"start":{"line":37,"column":33},"end":{"line":37,"column":48}},{"start":{"line":37,"column":52},"end":{"line":37,"column":63}}],"line":37},"4":{"loc":{"start":{"line":56,"column":16},"end":{"line":57,"column":61}},"type":"if","locations":[{"start":{"line":56,"column":16},"end":{"line":57,"column":61}},{"start":{"line":57,"column":21},"end":{"line":57,"column":61}}],"line":56}},"s":{"0":1,"1":1,"2":1,"3":1,"4":1,"5":1,"6":1,"7":0,"8":10,"9":1,"10":10,"11":10,"12":10,"13":10,"14":1,"15":1,"16":1,"17":1,"18":0,"19":1,"20":1,"21":0,"22":0,"23":1},"f":{"0":1,"1":0,"2":10,"3":1},"b":{"0":[1,9],"1":[10,0],"2":[1,9],"3":[10,1,1],"4":[0,1]},"_coverageSchema":"1a1c01bbd47fc00a2c39e90264f33305004495a9","hash":"eab8577eb1dc2abf69eb0683154faf82662dc3f8"}
}
