TN:
SF:config/constants.js
FNF:0
FNH:0
DA:1,2
DA:3,2
DA:18,2
LF:3
LH:3
BRF:0
BRH:0
end_of_record
TN:
SF:services/analysisService.js
FN:5,performFFT
FN:25,diagnoseHealth
FNF:2
FNH:2
FNDA:1,performFFT
FNDA:5,diagnoseHealth
DA:1,1
DA:2,1
DA:6,1
DA:7,1
DA:8,1
DA:9,1
DA:10,1024
DA:11,1024
DA:12,1024
DA:13,0
DA:15,1
DA:16,1
DA:17,1
DA:18,512
DA:19,512
DA:21,1
DA:26,5
DA:27,5
DA:30,5
DA:31,4
DA:34,5
DA:35,4
DA:37,5
DA:38,5
DA:41,1
LF:25
LH:24
BRDA:10,0,0,1024
BRDA:10,0,1,0
BRDA:30,1,0,1
BRDA:30,1,1,4
BRDA:31,2,0,2
BRDA:31,2,1,2
BRDA:31,3,0,0
BRDA:31,3,1,2
BRDA:34,4,0,1
BRDA:34,4,1,4
BRDA:35,5,0,0
BRDA:35,5,1,4
BRDA:35,6,0,0
BRDA:35,6,1,0
BRDA:37,7,0,2
BRDA:37,7,1,3
BRF:16
BRH:11
end_of_record
TN:
SF:services/emailService.js
FN:17,setTargetEmail
FN:21,getTargetEmail
FN:26,processAlertLogic
FN:55,(anonymous_3)
FNF:4
FNH:3
FNDA:1,setTargetEmail
FNDA:0,getTargetEmail
FNDA:10,processAlertLogic
FNDA:1,(anonymous_3)
DA:1,1
DA:2,1
DA:3,1
DA:6,1
DA:7,1
DA:9,1
DA:18,1
DA:22,0
DA:28,10
DA:29,1
DA:31,10
DA:33,10
DA:34,10
DA:37,10
DA:38,1
DA:40,1
DA:55,1
DA:56,1
DA:57,1
DA:60,1
DA:64,0
DA:65,0
DA:69,1
LF:23
LH:20
BRDA:28,0,0,1
BRDA:28,0,1,9
BRDA:33,1,0,10
BRDA:33,1,1,0
BRDA:37,2,0,1
BRDA:37,2,1,9
BRDA:37,3,0,10
BRDA:37,3,1,1
BRDA:37,3,2,1
BRDA:56,4,0,0
BRDA:56,4,1,1
BRF:11
BRH:9
end_of_record
